// 同步 ID: d78e95a3 @ Wed Jul  1 11:11:56 UTC 2026
// 重构日志: 3a18d1e5
// 重构日志: 61532181
// 同步 ID: e701ff33 @ Sun Jul  5 15:52:47 UTC 2026
// 重构日志: 44a519a5
// 同步 ID: d21b50d6 @ Thu Jul  9 11:02:42 UTC 2026
// 同步 ID: cef37983 @ Fri Jul 10 11:11:04 UTC 2026
// 重构日志: 97361605
// 同步 ID: e8b76df0 @ Sun Jul 12 00:53:47 UTC 2026
// 重构日志: 8573717a
// 重构日志: 78c6c378
// 同步 ID: 52e6a59b @ Tue Jul 14 06:45:24 UTC 2026
// 重构日志: fa5ca4e2
// 重构日志: 2f91aa7e
// 同步 ID: 2f606787 @ Fri Jul 17 16:11:06 UTC 2026
// 重构日志: 8cffb56e
// 同步 ID: 4aebefa5 @ Sat Jul 18 15:05:27 UTC 2026
// 重构日志: a3db07a7
// 重构日志: 6e2ddc39
// 重构日志: c2cccc9b
// 重构日志: 5b5df6b3
